2026-05-23 14:17:52,725 - repos - INFO - User 'teste@teste.com' requested repositories list (skip: 0, limit: 100)
2026-05-23 14:17:52,728 - repos - INFO - Successfully retrieved 3 repositories for user 'teste@teste.com'
2026-05-23 14:18:23,368 - repos - INFO - User 'teste@teste.com' requested repository creation. URL input: 'https://github.com/armandossrecife/snake'
2026-05-23 14:18:23,369 - repos - INFO - Repository URL successfully parsed to full_name: 'armandossrecife/snake'
2026-05-23 14:18:23,384 - repos - INFO - Repository 'armandossrecife/snake' added successfully. Database ID assigned: 6
2026-05-23 14:18:23,412 - repos - INFO - User 'teste@teste.com' requested repositories list (skip: 0, limit: 100)
2026-05-23 14:18:23,414 - repos - INFO - Successfully retrieved 4 repositories for user 'teste@teste.com'
2026-05-23 14:19:12,670 - repos - INFO - User 'teste@teste.com' requested repositories list (skip: 0, limit: 100)
2026-05-23 14:19:12,671 - repos - INFO - Successfully retrieved 4 repositories for user 'teste@teste.com'
2026-05-23 14:25:41,709 - repos - INFO - User 'teste@teste.com' requested repositories list (skip: 0, limit: 100)
2026-05-23 14:25:41,713 - repos - INFO - Successfully retrieved 4 repositories for user 'teste@teste.com'
2026-05-23 14:26:47,764 - repos - INFO - User 'teste@teste.com' requested repositories list (skip: 0, limit: 100)
2026-05-23 14:26:47,767 - repos - INFO - Successfully retrieved 0 repositories for user 'teste@teste.com'
2026-05-23 14:26:55,357 - repos - INFO - User 'teste@teste.com' requested repository creation. URL input: 'https://github.com/armandossrecife/snake'
2026-05-23 14:26:55,358 - repos - INFO - Repository URL successfully parsed to full_name: 'armandossrecife/snake'
2026-05-23 14:26:55,370 - repos - INFO - Repository 'armandossrecife/snake' added successfully. Database ID assigned: 1
2026-05-23 14:26:55,394 - repos - INFO - User 'teste@teste.com' requested repositories list (skip: 0, limit: 100)
2026-05-23 14:26:55,395 - repos - INFO - Successfully retrieved 1 repositories for user 'teste@teste.com'
2026-05-23 14:29:26,878 - repos - INFO - User 'teste@teste.com' requested repositories list (skip: 0, limit: 100)
2026-05-23 14:29:26,880 - repos - INFO - Successfully retrieved 1 repositories for user 'teste@teste.com'
2026-05-23 14:29:28,574 - repos - INFO - User 'teste@teste.com' requested repositories list (skip: 0, limit: 100)
2026-05-23 14:29:28,576 - repos - INFO - Successfully retrieved 1 repositories for user 'teste@teste.com'
